<?xml version="1.0" encoding="UTF-8"?>
<robot generator="Robot 3.2.2 (Python 3.11.2 on win32)" generated="20250519 12:27:42.669" rpa="false">
<suite id="s1" name="loginTesting" source="d:\Project QA\ATDD_Selenium_RobotFramework\robotFramework_webTesting\testSuite\loginTesting.robot">
<test id="s1-t1" name="Login without fill the form">
<kw name="Open Browser" library="SeleniumLibrary">
<doc>Opens a new browser instance to the optional ``url``.</doc>
<arguments>
<arg>https://www.saucedemo.com/</arg>
<arg>Chrome</arg>
</arguments>
<msg timestamp="20250519 12:27:43.067" level="INFO">Opening browser 'Chrome' to base url 'https://www.saucedemo.com/'.</msg>
<status status="PASS" starttime="20250519 12:27:43.067" endtime="20250519 12:27:45.969"></status>
</kw>
<kw name="Set Browser Implicit Wait" library="SeleniumLibrary">
<doc>Sets the implicit wait value used by Selenium.</doc>
<arguments>
<arg>2</arg>
</arguments>
<status status="PASS" starttime="20250519 12:27:45.977" endtime="20250519 12:27:45.977"></status>
</kw>
<kw name="Click Element" library="SeleniumLibrary">
<doc>Click the element identified by ``locator``.</doc>
<arguments>
<arg>user-name</arg>
</arguments>
<msg timestamp="20250519 12:27:45.977" level="INFO">Clicking element 'user-name'.</msg>
<status status="PASS" starttime="20250519 12:27:45.977" endtime="20250519 12:27:46.276"></status>
</kw>
<kw name="Click Element" library="SeleniumLibrary">
<doc>Click the element identified by ``locator``.</doc>
<arguments>
<arg>password</arg>
</arguments>
<msg timestamp="20250519 12:27:46.276" level="INFO">Clicking element 'password'.</msg>
<status status="PASS" starttime="20250519 12:27:46.276" endtime="20250519 12:27:46.411"></status>
</kw>
<kw name="Click Button" library="SeleniumLibrary">
<doc>Clicks the button identified by ``locator``.</doc>
<arguments>
<arg>//*[@id="login-button"]</arg>
</arguments>
<msg timestamp="20250519 12:27:46.411" level="INFO">Clicking button '//*[@id="login-button"]'.</msg>
<status status="PASS" starttime="20250519 12:27:46.411" endtime="20250519 12:27:46.577"></status>
</kw>
<kw name="Sleep" library="BuiltIn">
<doc>Pauses the test executed for the given time.</doc>
<arguments>
<arg>2</arg>
</arguments>
<msg timestamp="20250519 12:27:48.577" level="INFO">Slept 2 seconds</msg>
<status status="PASS" starttime="20250519 12:27:46.577" endtime="20250519 12:27:48.577"></status>
</kw>
<kw name="Close Browser" library="SeleniumLibrary">
<doc>Closes the current browser.</doc>
<status status="PASS" starttime="20250519 12:27:48.580" endtime="20250519 12:27:50.941"></status>
</kw>
<status status="PASS" starttime="20250519 12:27:43.067" endtime="20250519 12:27:50.941" critical="yes"></status>
</test>
<test id="s1-t2" name="Login with correct username but password NULL">
<kw name="Open Browser" library="SeleniumLibrary">
<doc>Opens a new browser instance to the optional ``url``.</doc>
<arguments>
<arg>https://www.saucedemo.com/</arg>
<arg>Chrome</arg>
</arguments>
<msg timestamp="20250519 12:27:50.941" level="INFO">Opening browser 'Chrome' to base url 'https://www.saucedemo.com/'.</msg>
<status status="PASS" starttime="20250519 12:27:50.941" endtime="20250519 12:27:52.562"></status>
</kw>
<kw name="Set Browser Implicit Wait" library="SeleniumLibrary">
<doc>Sets the implicit wait value used by Selenium.</doc>
<arguments>
<arg>2</arg>
</arguments>
<status status="PASS" starttime="20250519 12:27:52.563" endtime="20250519 12:27:52.568"></status>
</kw>
<kw name="Input Text" library="SeleniumLibrary">
<doc>Types the given ``text`` into the text field identified by ``locator``.</doc>
<arguments>
<arg>//*[@id="user-name"]</arg>
<arg>standard_user</arg>
</arguments>
<msg timestamp="20250519 12:27:52.575" level="INFO">Typing text 'standard_user' into text field '//*[@id="user-name"]'.</msg>
<status status="PASS" starttime="20250519 12:27:52.574" endtime="20250519 12:27:53.497"></status>
</kw>
<kw name="Sleep" library="BuiltIn">
<doc>Pauses the test executed for the given time.</doc>
<arguments>
<arg>2</arg>
</arguments>
<msg timestamp="20250519 12:27:55.498" level="INFO">Slept 2 seconds</msg>
<status status="PASS" starttime="20250519 12:27:53.497" endtime="20250519 12:27:55.498"></status>
</kw>
<kw name="Click Button" library="SeleniumLibrary">
<doc>Clicks the button identified by ``locator``.</doc>
<arguments>
<arg>//*[@id="login-button"]</arg>
</arguments>
<msg timestamp="20250519 12:27:55.498" level="INFO">Clicking button '//*[@id="login-button"]'.</msg>
<status status="PASS" starttime="20250519 12:27:55.498" endtime="20250519 12:27:55.708"></status>
</kw>
<kw name="Sleep" library="BuiltIn">
<doc>Pauses the test executed for the given time.</doc>
<arguments>
<arg>2</arg>
</arguments>
<msg timestamp="20250519 12:27:57.710" level="INFO">Slept 2 seconds</msg>
<status status="PASS" starttime="20250519 12:27:55.709" endtime="20250519 12:27:57.710"></status>
</kw>
<kw name="Close Browser" library="SeleniumLibrary">
<doc>Closes the current browser.</doc>
<status status="PASS" starttime="20250519 12:27:57.710" endtime="20250519 12:28:00.043"></status>
</kw>
<status status="PASS" starttime="20250519 12:27:50.941" endtime="20250519 12:28:00.043" critical="yes"></status>
</test>
<test id="s1-t3" name="Login with NULL username but password correct">
<kw name="Open Browser" library="SeleniumLibrary">
<doc>Opens a new browser instance to the optional ``url``.</doc>
<arguments>
<arg>https://www.saucedemo.com/</arg>
<arg>Chrome</arg>
</arguments>
<msg timestamp="20250519 12:28:00.043" level="INFO">Opening browser 'Chrome' to base url 'https://www.saucedemo.com/'.</msg>
<status status="PASS" starttime="20250519 12:28:00.043" endtime="20250519 12:28:02.279"></status>
</kw>
<kw name="Set Browser Implicit Wait" library="SeleniumLibrary">
<doc>Sets the implicit wait value used by Selenium.</doc>
<arguments>
<arg>2</arg>
</arguments>
<status status="PASS" starttime="20250519 12:28:02.284" endtime="20250519 12:28:02.289"></status>
</kw>
<kw name="Input Password" library="SeleniumLibrary">
<doc>Types the given password into the text field identified by ``locator``.</doc>
<arguments>
<arg>//*[@id="password"]</arg>
<arg>secret_sauce</arg>
</arguments>
<msg timestamp="20250519 12:28:02.297" level="INFO">Typing password into text field '//*[@id="password"]'.</msg>
<msg timestamp="20250519 12:28:02.432" level="INFO">Temporally setting log level to: NONE</msg>
<msg timestamp="20250519 12:28:02.541" level="INFO">Log level changed from NONE to INFO.</msg>
<status status="PASS" starttime="20250519 12:28:02.295" endtime="20250519 12:28:02.541"></status>
</kw>
<kw name="Sleep" library="BuiltIn">
<doc>Pauses the test executed for the given time.</doc>
<arguments>
<arg>2</arg>
</arguments>
<msg timestamp="20250519 12:28:04.546" level="INFO">Slept 2 seconds</msg>
<status status="PASS" starttime="20250519 12:28:02.544" endtime="20250519 12:28:04.546"></status>
</kw>
<kw name="Click Button" library="SeleniumLibrary">
<doc>Clicks the button identified by ``locator``.</doc>
<arguments>
<arg>//*[@id="login-button"]</arg>
</arguments>
<msg timestamp="20250519 12:28:04.546" level="INFO">Clicking button '//*[@id="login-button"]'.</msg>
<status status="PASS" starttime="20250519 12:28:04.546" endtime="20250519 12:28:04.795"></status>
</kw>
<kw name="Sleep" library="BuiltIn">
<doc>Pauses the test executed for the given time.</doc>
<arguments>
<arg>2</arg>
</arguments>
<msg timestamp="20250519 12:28:06.798" level="INFO">Slept 2 seconds</msg>
<status status="PASS" starttime="20250519 12:28:04.797" endtime="20250519 12:28:06.798"></status>
</kw>
<kw name="Close Browser" library="SeleniumLibrary">
<doc>Closes the current browser.</doc>
<status status="PASS" starttime="20250519 12:28:06.798" endtime="20250519 12:28:09.153"></status>
</kw>
<status status="PASS" starttime="20250519 12:28:00.043" endtime="20250519 12:28:09.153" critical="yes"></status>
</test>
<test id="s1-t4" name="Login with correct username 1 and password">
<kw name="Open Browser" library="SeleniumLibrary">
<doc>Opens a new browser instance to the optional ``url``.</doc>
<arguments>
<arg>https://www.saucedemo.com/</arg>
<arg>Chrome</arg>
</arguments>
<msg timestamp="20250519 12:28:09.157" level="INFO">Opening browser 'Chrome' to base url 'https://www.saucedemo.com/'.</msg>
<status status="PASS" starttime="20250519 12:28:09.157" endtime="20250519 12:28:11.442"></status>
</kw>
<kw name="Set Browser Implicit Wait" library="SeleniumLibrary">
<doc>Sets the implicit wait value used by Selenium.</doc>
<arguments>
<arg>2</arg>
</arguments>
<status status="PASS" starttime="20250519 12:28:11.443" endtime="20250519 12:28:11.447"></status>
</kw>
<kw name="Input Text" library="SeleniumLibrary">
<doc>Types the given ``text`` into the text field identified by ``locator``.</doc>
<arguments>
<arg>//*[@id="user-name"]</arg>
<arg>standard_user</arg>
</arguments>
<msg timestamp="20250519 12:28:11.450" level="INFO">Typing text 'standard_user' into text field '//*[@id="user-name"]'.</msg>
<status status="PASS" starttime="20250519 12:28:11.448" endtime="20250519 12:28:11.696"></status>
</kw>
<kw name="Input Password" library="SeleniumLibrary">
<doc>Types the given password into the text field identified by ``locator``.</doc>
<arguments>
<arg>//*[@id="password"]</arg>
<arg>secret_sauce</arg>
</arguments>
<msg timestamp="20250519 12:28:11.696" level="INFO">Typing password into text field '//*[@id="password"]'.</msg>
<msg timestamp="20250519 12:28:11.753" level="INFO">Temporally setting log level to: NONE</msg>
<msg timestamp="20250519 12:28:11.877" level="INFO">Log level changed from NONE to INFO.</msg>
<status status="PASS" starttime="20250519 12:28:11.696" endtime="20250519 12:28:11.877"></status>
</kw>
<kw name="Sleep" library="BuiltIn">
<doc>Pauses the test executed for the given time.</doc>
<arguments>
<arg>2</arg>
</arguments>
<msg timestamp="20250519 12:28:13.878" level="INFO">Slept 2 seconds</msg>
<status status="PASS" starttime="20250519 12:28:11.877" endtime="20250519 12:28:13.878"></status>
</kw>
<kw name="Click Button" library="SeleniumLibrary">
<doc>Clicks the button identified by ``locator``.</doc>
<arguments>
<arg>//*[@id="login-button"]</arg>
</arguments>
<msg timestamp="20250519 12:28:13.880" level="INFO">Clicking button '//*[@id="login-button"]'.</msg>
<status status="PASS" starttime="20250519 12:28:13.879" endtime="20250519 12:28:14.150"></status>
</kw>
<kw name="Sleep" library="BuiltIn">
<doc>Pauses the test executed for the given time.</doc>
<arguments>
<arg>2</arg>
</arguments>
<msg timestamp="20250519 12:28:16.152" level="INFO">Slept 2 seconds</msg>
<status status="PASS" starttime="20250519 12:28:14.150" endtime="20250519 12:28:16.152"></status>
</kw>
<kw name="Close Browser" library="SeleniumLibrary">
<doc>Closes the current browser.</doc>
<status status="PASS" starttime="20250519 12:28:16.152" endtime="20250519 12:28:18.522"></status>
</kw>
<status status="PASS" starttime="20250519 12:28:09.157" endtime="20250519 12:28:18.522" critical="yes"></status>
</test>
<test id="s1-t5" name="Login with correct username 2 and password">
<kw name="Open Browser" library="SeleniumLibrary">
<doc>Opens a new browser instance to the optional ``url``.</doc>
<arguments>
<arg>https://www.saucedemo.com/</arg>
<arg>Chrome</arg>
</arguments>
<msg timestamp="20250519 12:28:18.522" level="INFO">Opening browser 'Chrome' to base url 'https://www.saucedemo.com/'.</msg>
<status status="PASS" starttime="20250519 12:28:18.522" endtime="20250519 12:28:20.875"></status>
</kw>
<kw name="Set Browser Implicit Wait" library="SeleniumLibrary">
<doc>Sets the implicit wait value used by Selenium.</doc>
<arguments>
<arg>2</arg>
</arguments>
<status status="PASS" starttime="20250519 12:28:20.877" endtime="20250519 12:28:20.881"></status>
</kw>
<kw name="Input Text" library="SeleniumLibrary">
<doc>Types the given ``text`` into the text field identified by ``locator``.</doc>
<arguments>
<arg>//*[@id="user-name"]</arg>
<arg>locked_out_user</arg>
</arguments>
<msg timestamp="20250519 12:28:20.884" level="INFO">Typing text 'locked_out_user' into text field '//*[@id="user-name"]'.</msg>
<status status="PASS" starttime="20250519 12:28:20.884" endtime="20250519 12:28:21.193"></status>
</kw>
<kw name="Input Password" library="SeleniumLibrary">
<doc>Types the given password into the text field identified by ``locator``.</doc>
<arguments>
<arg>//*[@id="password"]</arg>
<arg>secret_sauce</arg>
</arguments>
<msg timestamp="20250519 12:28:21.193" level="INFO">Typing password into text field '//*[@id="password"]'.</msg>
<msg timestamp="20250519 12:28:21.270" level="INFO">Temporally setting log level to: NONE</msg>
<msg timestamp="20250519 12:28:21.393" level="INFO">Log level changed from NONE to INFO.</msg>
<status status="PASS" starttime="20250519 12:28:21.193" endtime="20250519 12:28:21.393"></status>
</kw>
<kw name="Sleep" library="BuiltIn">
<doc>Pauses the test executed for the given time.</doc>
<arguments>
<arg>2</arg>
</arguments>
<msg timestamp="20250519 12:28:23.399" level="INFO">Slept 2 seconds</msg>
<status status="PASS" starttime="20250519 12:28:21.397" endtime="20250519 12:28:23.399"></status>
</kw>
<kw name="Click Button" library="SeleniumLibrary">
<doc>Clicks the button identified by ``locator``.</doc>
<arguments>
<arg>//*[@id="login-button"]</arg>
</arguments>
<msg timestamp="20250519 12:28:23.399" level="INFO">Clicking button '//*[@id="login-button"]'.</msg>
<status status="PASS" starttime="20250519 12:28:23.399" endtime="20250519 12:28:23.606"></status>
</kw>
<kw name="Sleep" library="BuiltIn">
<doc>Pauses the test executed for the given time.</doc>
<arguments>
<arg>2</arg>
</arguments>
<msg timestamp="20250519 12:28:25.608" level="INFO">Slept 2 seconds</msg>
<status status="PASS" starttime="20250519 12:28:23.606" endtime="20250519 12:28:25.608"></status>
</kw>
<kw name="Close Browser" library="SeleniumLibrary">
<doc>Closes the current browser.</doc>
<status status="PASS" starttime="20250519 12:28:25.608" endtime="20250519 12:28:27.895"></status>
</kw>
<status status="PASS" starttime="20250519 12:28:18.522" endtime="20250519 12:28:27.895" critical="yes"></status>
</test>
<test id="s1-t6" name="Login with correct username 3 and password">
<kw name="Open Browser" library="SeleniumLibrary">
<doc>Opens a new browser instance to the optional ``url``.</doc>
<arguments>
<arg>https://www.saucedemo.com/</arg>
<arg>Chrome</arg>
</arguments>
<msg timestamp="20250519 12:28:27.895" level="INFO">Opening browser 'Chrome' to base url 'https://www.saucedemo.com/'.</msg>
<status status="PASS" starttime="20250519 12:28:27.895" endtime="20250519 12:28:30.215"></status>
</kw>
<kw name="Set Browser Implicit Wait" library="SeleniumLibrary">
<doc>Sets the implicit wait value used by Selenium.</doc>
<arguments>
<arg>2</arg>
</arguments>
<status status="PASS" starttime="20250519 12:28:30.217" endtime="20250519 12:28:30.222"></status>
</kw>
<kw name="Input Text" library="SeleniumLibrary">
<doc>Types the given ``text`` into the text field identified by ``locator``.</doc>
<arguments>
<arg>//*[@id="user-name"]</arg>
<arg>problem_user</arg>
</arguments>
<msg timestamp="20250519 12:28:30.224" level="INFO">Typing text 'problem_user' into text field '//*[@id="user-name"]'.</msg>
<status status="PASS" starttime="20250519 12:28:30.224" endtime="20250519 12:28:30.472"></status>
</kw>
<kw name="Input Password" library="SeleniumLibrary">
<doc>Types the given password into the text field identified by ``locator``.</doc>
<arguments>
<arg>//*[@id="password"]</arg>
<arg>secret_sauce</arg>
</arguments>
<msg timestamp="20250519 12:28:30.475" level="INFO">Typing password into text field '//*[@id="password"]'.</msg>
<msg timestamp="20250519 12:28:30.560" level="INFO">Temporally setting log level to: NONE</msg>
<msg timestamp="20250519 12:28:30.721" level="INFO">Log level changed from NONE to INFO.</msg>
<status status="PASS" starttime="20250519 12:28:30.474" endtime="20250519 12:28:30.721"></status>
</kw>
<kw name="Sleep" library="BuiltIn">
<doc>Pauses the test executed for the given time.</doc>
<arguments>
<arg>2</arg>
</arguments>
<msg timestamp="20250519 12:28:32.721" level="INFO">Slept 2 seconds</msg>
<status status="PASS" starttime="20250519 12:28:30.721" endtime="20250519 12:28:32.721"></status>
</kw>
<kw name="Click Button" library="SeleniumLibrary">
<doc>Clicks the button identified by ``locator``.</doc>
<arguments>
<arg>//*[@id="login-button"]</arg>
</arguments>
<msg timestamp="20250519 12:28:32.722" level="INFO">Clicking button '//*[@id="login-button"]'.</msg>
<status status="PASS" starttime="20250519 12:28:32.722" endtime="20250519 12:28:32.978"></status>
</kw>
<kw name="Sleep" library="BuiltIn">
<doc>Pauses the test executed for the given time.</doc>
<arguments>
<arg>2</arg>
</arguments>
<msg timestamp="20250519 12:28:34.978" level="INFO">Slept 2 seconds</msg>
<status status="PASS" starttime="20250519 12:28:32.978" endtime="20250519 12:28:34.978"></status>
</kw>
<kw name="Close Browser" library="SeleniumLibrary">
<doc>Closes the current browser.</doc>
<status status="PASS" starttime="20250519 12:28:34.978" endtime="20250519 12:28:37.328"></status>
</kw>
<status status="PASS" starttime="20250519 12:28:27.895" endtime="20250519 12:28:37.328" critical="yes"></status>
</test>
<test id="s1-t7" name="Login with correct username 4 and password">
<kw name="Open Browser" library="SeleniumLibrary">
<doc>Opens a new browser instance to the optional ``url``.</doc>
<arguments>
<arg>https://www.saucedemo.com/</arg>
<arg>Chrome</arg>
</arguments>
<msg timestamp="20250519 12:28:37.328" level="INFO">Opening browser 'Chrome' to base url 'https://www.saucedemo.com/'.</msg>
<status status="PASS" starttime="20250519 12:28:37.328" endtime="20250519 12:28:39.709"></status>
</kw>
<kw name="Set Browser Implicit Wait" library="SeleniumLibrary">
<doc>Sets the implicit wait value used by Selenium.</doc>
<arguments>
<arg>2</arg>
</arguments>
<status status="PASS" starttime="20250519 12:28:39.710" endtime="20250519 12:28:39.716"></status>
</kw>
<kw name="Input Text" library="SeleniumLibrary">
<doc>Types the given ``text`` into the text field identified by ``locator``.</doc>
<arguments>
<arg>//*[@id="user-name"]</arg>
<arg>performance_glitch_user</arg>
</arguments>
<msg timestamp="20250519 12:28:39.720" level="INFO">Typing text 'performance_glitch_user' into text field '//*[@id="user-name"]'.</msg>
<status status="PASS" starttime="20250519 12:28:39.718" endtime="20250519 12:28:40.040"></status>
</kw>
<kw name="Input Password" library="SeleniumLibrary">
<doc>Types the given password into the text field identified by ``locator``.</doc>
<arguments>
<arg>//*[@id="password"]</arg>
<arg>secret_sauce</arg>
</arguments>
<msg timestamp="20250519 12:28:40.040" level="INFO">Typing password into text field '//*[@id="password"]'.</msg>
<msg timestamp="20250519 12:28:40.106" level="INFO">Temporally setting log level to: NONE</msg>
<msg timestamp="20250519 12:28:40.223" level="INFO">Log level changed from NONE to INFO.</msg>
<status status="PASS" starttime="20250519 12:28:40.040" endtime="20250519 12:28:40.223"></status>
</kw>
<kw name="Sleep" library="BuiltIn">
<doc>Pauses the test executed for the given time.</doc>
<arguments>
<arg>2</arg>
</arguments>
<msg timestamp="20250519 12:28:42.223" level="INFO">Slept 2 seconds</msg>
<status status="PASS" starttime="20250519 12:28:40.223" endtime="20250519 12:28:42.223"></status>
</kw>
<kw name="Click Button" library="SeleniumLibrary">
<doc>Clicks the button identified by ``locator``.</doc>
<arguments>
<arg>//*[@id="login-button"]</arg>
</arguments>
<msg timestamp="20250519 12:28:42.224" level="INFO">Clicking button '//*[@id="login-button"]'.</msg>
<status status="PASS" starttime="20250519 12:28:42.224" endtime="20250519 12:28:47.477"></status>
</kw>
<kw name="Sleep" library="BuiltIn">
<doc>Pauses the test executed for the given time.</doc>
<arguments>
<arg>2</arg>
</arguments>
<msg timestamp="20250519 12:28:49.478" level="INFO">Slept 2 seconds</msg>
<status status="PASS" starttime="20250519 12:28:47.477" endtime="20250519 12:28:49.478"></status>
</kw>
<kw name="Close Browser" library="SeleniumLibrary">
<doc>Closes the current browser.</doc>
<status status="PASS" starttime="20250519 12:28:49.478" endtime="20250519 12:28:51.834"></status>
</kw>
<status status="PASS" starttime="20250519 12:28:37.328" endtime="20250519 12:28:51.834" critical="yes"></status>
</test>
<test id="s1-t8" name="Login with correct username 5 and password">
<kw name="Open Browser" library="SeleniumLibrary">
<doc>Opens a new browser instance to the optional ``url``.</doc>
<arguments>
<arg>https://www.saucedemo.com/</arg>
<arg>Chrome</arg>
</arguments>
<msg timestamp="20250519 12:28:51.834" level="INFO">Opening browser 'Chrome' to base url 'https://www.saucedemo.com/'.</msg>
<status status="PASS" starttime="20250519 12:28:51.834" endtime="20250519 12:28:54.216"></status>
</kw>
<kw name="Set Browser Implicit Wait" library="SeleniumLibrary">
<doc>Sets the implicit wait value used by Selenium.</doc>
<arguments>
<arg>2</arg>
</arguments>
<status status="PASS" starttime="20250519 12:28:54.219" endtime="20250519 12:28:54.223"></status>
</kw>
<kw name="Input Text" library="SeleniumLibrary">
<doc>Types the given ``text`` into the text field identified by ``locator``.</doc>
<arguments>
<arg>//*[@id="user-name"]</arg>
<arg>error_user</arg>
</arguments>
<msg timestamp="20250519 12:28:54.226" level="INFO">Typing text 'error_user' into text field '//*[@id="user-name"]'.</msg>
<status status="PASS" starttime="20250519 12:28:54.225" endtime="20250519 12:28:54.464"></status>
</kw>
<kw name="Input Password" library="SeleniumLibrary">
<doc>Types the given password into the text field identified by ``locator``.</doc>
<arguments>
<arg>//*[@id="password"]</arg>
<arg>secret_sauce</arg>
</arguments>
<msg timestamp="20250519 12:28:54.464" level="INFO">Typing password into text field '//*[@id="password"]'.</msg>
<msg timestamp="20250519 12:28:54.537" level="INFO">Temporally setting log level to: NONE</msg>
<msg timestamp="20250519 12:28:54.653" level="INFO">Log level changed from NONE to INFO.</msg>
<status status="PASS" starttime="20250519 12:28:54.464" endtime="20250519 12:28:54.655"></status>
</kw>
<kw name="Sleep" library="BuiltIn">
<doc>Pauses the test executed for the given time.</doc>
<arguments>
<arg>2</arg>
</arguments>
<msg timestamp="20250519 12:28:56.657" level="INFO">Slept 2 seconds</msg>
<status status="PASS" starttime="20250519 12:28:54.657" endtime="20250519 12:28:56.657"></status>
</kw>
<kw name="Click Button" library="SeleniumLibrary">
<doc>Clicks the button identified by ``locator``.</doc>
<arguments>
<arg>//*[@id="login-button"]</arg>
</arguments>
<msg timestamp="20250519 12:28:56.657" level="INFO">Clicking button '//*[@id="login-button"]'.</msg>
<status status="PASS" starttime="20250519 12:28:56.657" endtime="20250519 12:28:56.872"></status>
</kw>
<kw name="Sleep" library="BuiltIn">
<doc>Pauses the test executed for the given time.</doc>
<arguments>
<arg>2</arg>
</arguments>
<msg timestamp="20250519 12:28:58.875" level="INFO">Slept 2 seconds</msg>
<status status="PASS" starttime="20250519 12:28:56.874" endtime="20250519 12:28:58.875"></status>
</kw>
<kw name="Close Browser" library="SeleniumLibrary">
<doc>Closes the current browser.</doc>
<status status="PASS" starttime="20250519 12:28:58.875" endtime="20250519 12:29:01.184"></status>
</kw>
<status status="PASS" starttime="20250519 12:28:51.834" endtime="20250519 12:29:01.184" critical="yes"></status>
</test>
<test id="s1-t9" name="Login with correct username 6 and password">
<kw name="Open Browser" library="SeleniumLibrary">
<doc>Opens a new browser instance to the optional ``url``.</doc>
<arguments>
<arg>https://www.saucedemo.com/</arg>
<arg>Chrome</arg>
</arguments>
<msg timestamp="20250519 12:29:01.184" level="INFO">Opening browser 'Chrome' to base url 'https://www.saucedemo.com/'.</msg>
<status status="PASS" starttime="20250519 12:29:01.184" endtime="20250519 12:29:02.770"></status>
</kw>
<kw name="Set Browser Implicit Wait" library="SeleniumLibrary">
<doc>Sets the implicit wait value used by Selenium.</doc>
<arguments>
<arg>2</arg>
</arguments>
<status status="PASS" starttime="20250519 12:29:02.783" endtime="20250519 12:29:02.787"></status>
</kw>
<kw name="Input Text" library="SeleniumLibrary">
<doc>Types the given ``text`` into the text field identified by ``locator``.</doc>
<arguments>
<arg>//*[@id="user-name"]</arg>
<arg>visual_user</arg>
</arguments>
<msg timestamp="20250519 12:29:02.792" level="INFO">Typing text 'visual_user' into text field '//*[@id="user-name"]'.</msg>
<status status="PASS" starttime="20250519 12:29:02.791" endtime="20250519 12:29:03.690"></status>
</kw>
<kw name="Input Password" library="SeleniumLibrary">
<doc>Types the given password into the text field identified by ``locator``.</doc>
<arguments>
<arg>//*[@id="password"]</arg>
<arg>secret_sauce</arg>
</arguments>
<msg timestamp="20250519 12:29:03.690" level="INFO">Typing password into text field '//*[@id="password"]'.</msg>
<msg timestamp="20250519 12:29:03.788" level="INFO">Temporally setting log level to: NONE</msg>
<msg timestamp="20250519 12:29:03.909" level="INFO">Log level changed from NONE to INFO.</msg>
<status status="PASS" starttime="20250519 12:29:03.690" endtime="20250519 12:29:03.909"></status>
</kw>
<kw name="Sleep" library="BuiltIn">
<doc>Pauses the test executed for the given time.</doc>
<arguments>
<arg>2</arg>
</arguments>
<msg timestamp="20250519 12:29:05.909" level="INFO">Slept 2 seconds</msg>
<status status="PASS" starttime="20250519 12:29:03.909" endtime="20250519 12:29:05.909"></status>
</kw>
<kw name="Click Button" library="SeleniumLibrary">
<doc>Clicks the button identified by ``locator``.</doc>
<arguments>
<arg>//*[@id="login-button"]</arg>
</arguments>
<msg timestamp="20250519 12:29:05.912" level="INFO">Clicking button '//*[@id="login-button"]'.</msg>
<status status="PASS" starttime="20250519 12:29:05.909" endtime="20250519 12:29:06.157"></status>
</kw>
<kw name="Sleep" library="BuiltIn">
<doc>Pauses the test executed for the given time.</doc>
<arguments>
<arg>2</arg>
</arguments>
<msg timestamp="20250519 12:29:08.157" level="INFO">Slept 2 seconds</msg>
<status status="PASS" starttime="20250519 12:29:06.157" endtime="20250519 12:29:08.157"></status>
</kw>
<kw name="Close Browser" library="SeleniumLibrary">
<doc>Closes the current browser.</doc>
<status status="PASS" starttime="20250519 12:29:08.157" endtime="20250519 12:29:10.543"></status>
</kw>
<status status="PASS" starttime="20250519 12:29:01.184" endtime="20250519 12:29:10.543" critical="yes"></status>
</test>
<test id="s1-t10" name="Login with correct username but uncorrect password">
<kw name="Open Browser" library="SeleniumLibrary">
<doc>Opens a new browser instance to the optional ``url``.</doc>
<arguments>
<arg>https://www.saucedemo.com/</arg>
<arg>Chrome</arg>
</arguments>
<msg timestamp="20250519 12:29:10.543" level="INFO">Opening browser 'Chrome' to base url 'https://www.saucedemo.com/'.</msg>
<status status="PASS" starttime="20250519 12:29:10.543" endtime="20250519 12:29:12.909"></status>
</kw>
<kw name="Set Browser Implicit Wait" library="SeleniumLibrary">
<doc>Sets the implicit wait value used by Selenium.</doc>
<arguments>
<arg>2</arg>
</arguments>
<status status="PASS" starttime="20250519 12:29:12.911" endtime="20250519 12:29:12.916"></status>
</kw>
<kw name="Input Text" library="SeleniumLibrary">
<doc>Types the given ``text`` into the text field identified by ``locator``.</doc>
<arguments>
<arg>//*[@id="user-name"]</arg>
<arg>visual_user</arg>
</arguments>
<msg timestamp="20250519 12:29:12.918" level="INFO">Typing text 'visual_user' into text field '//*[@id="user-name"]'.</msg>
<status status="PASS" starttime="20250519 12:29:12.918" endtime="20250519 12:29:13.177"></status>
</kw>
<kw name="Input Password" library="SeleniumLibrary">
<doc>Types the given password into the text field identified by ``locator``.</doc>
<arguments>
<arg>//*[@id="password"]</arg>
<arg>secret_sauce123</arg>
</arguments>
<msg timestamp="20250519 12:29:13.182" level="INFO">Typing password into text field '//*[@id="password"]'.</msg>
<msg timestamp="20250519 12:29:13.259" level="INFO">Temporally setting log level to: NONE</msg>
<msg timestamp="20250519 12:29:13.376" level="INFO">Log level changed from NONE to INFO.</msg>
<status status="PASS" starttime="20250519 12:29:13.180" endtime="20250519 12:29:13.376"></status>
</kw>
<kw name="Sleep" library="BuiltIn">
<doc>Pauses the test executed for the given time.</doc>
<arguments>
<arg>2</arg>
</arguments>
<msg timestamp="20250519 12:29:15.377" level="INFO">Slept 2 seconds</msg>
<status status="PASS" starttime="20250519 12:29:13.376" endtime="20250519 12:29:15.377"></status>
</kw>
<kw name="Click Button" library="SeleniumLibrary">
<doc>Clicks the button identified by ``locator``.</doc>
<arguments>
<arg>//*[@id="login-button"]</arg>
</arguments>
<msg timestamp="20250519 12:29:15.379" level="INFO">Clicking button '//*[@id="login-button"]'.</msg>
<status status="PASS" starttime="20250519 12:29:15.379" endtime="20250519 12:29:15.544"></status>
</kw>
<kw name="Sleep" library="BuiltIn">
<doc>Pauses the test executed for the given time.</doc>
<arguments>
<arg>2</arg>
</arguments>
<msg timestamp="20250519 12:29:17.546" level="INFO">Slept 2 seconds</msg>
<status status="PASS" starttime="20250519 12:29:15.546" endtime="20250519 12:29:17.546"></status>
</kw>
<kw name="Close Browser" library="SeleniumLibrary">
<doc>Closes the current browser.</doc>
<status status="PASS" starttime="20250519 12:29:17.546" endtime="20250519 12:29:19.855"></status>
</kw>
<status status="PASS" starttime="20250519 12:29:10.543" endtime="20250519 12:29:19.855" critical="yes"></status>
</test>
<status status="PASS" starttime="20250519 12:27:42.683" endtime="20250519 12:29:19.866"></status>
</suite>
<statistics>
<total>
<stat pass="10" fail="0">Critical Tests</stat>
<stat pass="10" fail="0">All Tests</stat>
</total>
<tag>
</tag>
<suite>
<stat pass="10" fail="0" id="s1" name="loginTesting">loginTesting</stat>
</suite>
</statistics>
<errors>
</errors>
</robot>
