<?xml version="1.0" encoding="UTF-8"?>
<robot generator="Robot 3.2.2 (Python 3.11.2 on win32)" generated="20250514 22:12:14.110" rpa="false">
<suite id="s1" name="robotFramework testing" source="D:\Project QA\ATDD_Selenium_RobotFramework\robotFramework_testing">
<suite id="s1-s1" name="testSuite" source="D:\Project QA\ATDD_Selenium_RobotFramework\robotFramework_testing\testSuite">
<suite id="s1-s1-s1" name="loginTesting" source="D:\Project QA\ATDD_Selenium_RobotFramework\robotFramework_testing\testSuite\loginTesting.robot">
<test id="s1-s1-s1-t1" name="Login without fill the form">
<kw name="Open Browser" library="SeleniumLibrary">
<doc>Opens a new browser instance to the optional ``url``.</doc>
<arguments>
<arg>https://www.saucedemo.com/</arg>
<arg>Chrome</arg>
</arguments>
<msg timestamp="20250514 22:12:14.527" level="INFO">Opening browser 'Chrome' to base url 'https://www.saucedemo.com/'.</msg>
<status status="PASS" starttime="20250514 22:12:14.527" endtime="20250514 22:12:17.962"></status>
</kw>
<kw name="Set Browser Implicit Wait" library="SeleniumLibrary">
<doc>Sets the implicit wait value used by Selenium.</doc>
<arguments>
<arg>2</arg>
</arguments>
<status status="PASS" starttime="20250514 22:12:17.963" endtime="20250514 22:12:17.977"></status>
</kw>
<kw name="Click Element" library="SeleniumLibrary">
<doc>Click the element identified by ``locator``.</doc>
<arguments>
<arg>user-name</arg>
</arguments>
<msg timestamp="20250514 22:12:17.978" level="INFO">Clicking element 'user-name'.</msg>
<status status="PASS" starttime="20250514 22:12:17.977" endtime="20250514 22:12:19.060"></status>
</kw>
<kw name="Click Element" library="SeleniumLibrary">
<doc>Click the element identified by ``locator``.</doc>
<arguments>
<arg>password</arg>
</arguments>
<msg timestamp="20250514 22:12:19.061" level="INFO">Clicking element 'password'.</msg>
<status status="PASS" starttime="20250514 22:12:19.061" endtime="20250514 22:12:19.146"></status>
</kw>
<kw name="Click Button" library="SeleniumLibrary">
<doc>Clicks the button identified by ``locator``.</doc>
<arguments>
<arg>//*[@id="login-button"]</arg>
</arguments>
<msg timestamp="20250514 22:12:19.147" level="INFO">Clicking button '//*[@id="login-button"]'.</msg>
<status status="PASS" starttime="20250514 22:12:19.147" endtime="20250514 22:12:19.245"></status>
</kw>
<kw name="Sleep" library="BuiltIn">
<doc>Pauses the test executed for the given time.</doc>
<arguments>
<arg>2</arg>
</arguments>
<msg timestamp="20250514 22:12:21.246" level="INFO">Slept 2 seconds</msg>
<status status="PASS" starttime="20250514 22:12:19.245" endtime="20250514 22:12:21.246"></status>
</kw>
<kw name="Close Browser" library="SeleniumLibrary">
<doc>Closes the current browser.</doc>
<status status="PASS" starttime="20250514 22:12:21.247" endtime="20250514 22:12:23.457"></status>
</kw>
<status status="PASS" starttime="20250514 22:12:14.526" endtime="20250514 22:12:23.457" critical="yes"></status>
</test>
<test id="s1-s1-s1-t2" name="Login with correct username but password NULL">
<kw name="Open Browser" library="SeleniumLibrary">
<doc>Opens a new browser instance to the optional ``url``.</doc>
<arguments>
<arg>https://www.saucedemo.com/</arg>
<arg>Chrome</arg>
</arguments>
<msg timestamp="20250514 22:12:23.461" level="INFO">Opening browser 'Chrome' to base url 'https://www.saucedemo.com/'.</msg>
<status status="PASS" starttime="20250514 22:12:23.460" endtime="20250514 22:12:25.388"></status>
</kw>
<kw name="Set Browser Implicit Wait" library="SeleniumLibrary">
<doc>Sets the implicit wait value used by Selenium.</doc>
<arguments>
<arg>2</arg>
</arguments>
<status status="PASS" starttime="20250514 22:12:25.388" endtime="20250514 22:12:25.392"></status>
</kw>
<kw name="Input Text" library="SeleniumLibrary">
<doc>Types the given ``text`` into the text field identified by ``locator``.</doc>
<arguments>
<arg>//*[@id="user-name"]</arg>
<arg>standard_user</arg>
</arguments>
<msg timestamp="20250514 22:12:25.394" level="INFO">Typing text 'standard_user' into text field '//*[@id="user-name"]'.</msg>
<status status="PASS" starttime="20250514 22:12:25.393" endtime="20250514 22:12:25.553"></status>
</kw>
<kw name="Sleep" library="BuiltIn">
<doc>Pauses the test executed for the given time.</doc>
<arguments>
<arg>2</arg>
</arguments>
<msg timestamp="20250514 22:12:27.554" level="INFO">Slept 2 seconds</msg>
<status status="PASS" starttime="20250514 22:12:25.553" endtime="20250514 22:12:27.555"></status>
</kw>
<kw name="Click Button" library="SeleniumLibrary">
<doc>Clicks the button identified by ``locator``.</doc>
<arguments>
<arg>//*[@id="login-button"]</arg>
</arguments>
<msg timestamp="20250514 22:12:27.557" level="INFO">Clicking button '//*[@id="login-button"]'.</msg>
<status status="PASS" starttime="20250514 22:12:27.555" endtime="20250514 22:12:27.710"></status>
</kw>
<kw name="Sleep" library="BuiltIn">
<doc>Pauses the test executed for the given time.</doc>
<arguments>
<arg>2</arg>
</arguments>
<msg timestamp="20250514 22:12:29.711" level="INFO">Slept 2 seconds</msg>
<status status="PASS" starttime="20250514 22:12:27.711" endtime="20250514 22:12:29.711"></status>
</kw>
<kw name="Close Browser" library="SeleniumLibrary">
<doc>Closes the current browser.</doc>
<status status="PASS" starttime="20250514 22:12:29.712" endtime="20250514 22:12:31.931"></status>
</kw>
<status status="PASS" starttime="20250514 22:12:23.459" endtime="20250514 22:12:31.932" critical="yes"></status>
</test>
<test id="s1-s1-s1-t3" name="Login with NULL username but password correct">
<kw name="Open Browser" library="SeleniumLibrary">
<doc>Opens a new browser instance to the optional ``url``.</doc>
<arguments>
<arg>https://www.saucedemo.com/</arg>
<arg>Chrome</arg>
</arguments>
<msg timestamp="20250514 22:12:31.935" level="INFO">Opening browser 'Chrome' to base url 'https://www.saucedemo.com/'.</msg>
<status status="PASS" starttime="20250514 22:12:31.934" endtime="20250514 22:12:33.880"></status>
</kw>
<kw name="Set Browser Implicit Wait" library="SeleniumLibrary">
<doc>Sets the implicit wait value used by Selenium.</doc>
<arguments>
<arg>2</arg>
</arguments>
<status status="PASS" starttime="20250514 22:12:33.881" endtime="20250514 22:12:33.883"></status>
</kw>
<kw name="Input Password" library="SeleniumLibrary">
<doc>Types the given password into the text field identified by ``locator``.</doc>
<arguments>
<arg>//*[@id="password"]</arg>
<arg>secret_sauce</arg>
</arguments>
<msg timestamp="20250514 22:12:33.884" level="INFO">Typing password into text field '//*[@id="password"]'.</msg>
<msg timestamp="20250514 22:12:33.958" level="INFO">Temporally setting log level to: NONE</msg>
<msg timestamp="20250514 22:12:34.056" level="INFO">Log level changed from NONE to INFO.</msg>
<status status="PASS" starttime="20250514 22:12:33.883" endtime="20250514 22:12:34.056"></status>
</kw>
<kw name="Sleep" library="BuiltIn">
<doc>Pauses the test executed for the given time.</doc>
<arguments>
<arg>2</arg>
</arguments>
<msg timestamp="20250514 22:12:36.058" level="INFO">Slept 2 seconds</msg>
<status status="PASS" starttime="20250514 22:12:34.057" endtime="20250514 22:12:36.059"></status>
</kw>
<kw name="Click Button" library="SeleniumLibrary">
<doc>Clicks the button identified by ``locator``.</doc>
<arguments>
<arg>//*[@id="login-button"]</arg>
</arguments>
<msg timestamp="20250514 22:12:36.061" level="INFO">Clicking button '//*[@id="login-button"]'.</msg>
<status status="PASS" starttime="20250514 22:12:36.059" endtime="20250514 22:12:36.219"></status>
</kw>
<kw name="Sleep" library="BuiltIn">
<doc>Pauses the test executed for the given time.</doc>
<arguments>
<arg>2</arg>
</arguments>
<msg timestamp="20250514 22:12:38.220" level="INFO">Slept 2 seconds</msg>
<status status="PASS" starttime="20250514 22:12:36.220" endtime="20250514 22:12:38.220"></status>
</kw>
<kw name="Close Browser" library="SeleniumLibrary">
<doc>Closes the current browser.</doc>
<status status="PASS" starttime="20250514 22:12:38.221" endtime="20250514 22:12:40.406"></status>
</kw>
<status status="PASS" starttime="20250514 22:12:31.933" endtime="20250514 22:12:40.406" critical="yes"></status>
</test>
<test id="s1-s1-s1-t4" name="Login with correct username 1 and password">
<kw name="Open Browser" library="SeleniumLibrary">
<doc>Opens a new browser instance to the optional ``url``.</doc>
<arguments>
<arg>https://www.saucedemo.com/</arg>
<arg>Chrome</arg>
</arguments>
<msg timestamp="20250514 22:12:40.410" level="INFO">Opening browser 'Chrome' to base url 'https://www.saucedemo.com/'.</msg>
<status status="PASS" starttime="20250514 22:12:40.409" endtime="20250514 22:12:42.327"></status>
</kw>
<kw name="Set Browser Implicit Wait" library="SeleniumLibrary">
<doc>Sets the implicit wait value used by Selenium.</doc>
<arguments>
<arg>2</arg>
</arguments>
<status status="PASS" starttime="20250514 22:12:42.328" endtime="20250514 22:12:42.331"></status>
</kw>
<kw name="Input Text" library="SeleniumLibrary">
<doc>Types the given ``text`` into the text field identified by ``locator``.</doc>
<arguments>
<arg>//*[@id="user-name"]</arg>
<arg>standard_user</arg>
</arguments>
<msg timestamp="20250514 22:12:42.331" level="INFO">Typing text 'standard_user' into text field '//*[@id="user-name"]'.</msg>
<status status="PASS" starttime="20250514 22:12:42.331" endtime="20250514 22:12:42.530"></status>
</kw>
<kw name="Input Password" library="SeleniumLibrary">
<doc>Types the given password into the text field identified by ``locator``.</doc>
<arguments>
<arg>//*[@id="password"]</arg>
<arg>secret_sauce</arg>
</arguments>
<msg timestamp="20250514 22:12:42.531" level="INFO">Typing password into text field '//*[@id="password"]'.</msg>
<msg timestamp="20250514 22:12:42.581" level="INFO">Temporally setting log level to: NONE</msg>
<msg timestamp="20250514 22:12:42.644" level="INFO">Log level changed from NONE to INFO.</msg>
<status status="PASS" starttime="20250514 22:12:42.531" endtime="20250514 22:12:42.645"></status>
</kw>
<kw name="Sleep" library="BuiltIn">
<doc>Pauses the test executed for the given time.</doc>
<arguments>
<arg>2</arg>
</arguments>
<msg timestamp="20250514 22:12:44.645" level="INFO">Slept 2 seconds</msg>
<status status="PASS" starttime="20250514 22:12:42.645" endtime="20250514 22:12:44.645"></status>
</kw>
<kw name="Click Button" library="SeleniumLibrary">
<doc>Clicks the button identified by ``locator``.</doc>
<arguments>
<arg>//*[@id="login-button"]</arg>
</arguments>
<msg timestamp="20250514 22:12:44.648" level="INFO">Clicking button '//*[@id="login-button"]'.</msg>
<status status="PASS" starttime="20250514 22:12:44.646" endtime="20250514 22:12:44.862"></status>
</kw>
<kw name="Sleep" library="BuiltIn">
<doc>Pauses the test executed for the given time.</doc>
<arguments>
<arg>2</arg>
</arguments>
<msg timestamp="20250514 22:12:46.864" level="INFO">Slept 2 seconds</msg>
<status status="PASS" starttime="20250514 22:12:44.863" endtime="20250514 22:12:46.865"></status>
</kw>
<kw name="Close Browser" library="SeleniumLibrary">
<doc>Closes the current browser.</doc>
<status status="PASS" starttime="20250514 22:12:46.865" endtime="20250514 22:12:49.077"></status>
</kw>
<status status="PASS" starttime="20250514 22:12:40.407" endtime="20250514 22:12:49.077" critical="yes"></status>
</test>
<test id="s1-s1-s1-t5" name="Login with correct username 2 and password">
<kw name="Open Browser" library="SeleniumLibrary">
<doc>Opens a new browser instance to the optional ``url``.</doc>
<arguments>
<arg>https://www.saucedemo.com/</arg>
<arg>Chrome</arg>
</arguments>
<msg timestamp="20250514 22:12:49.084" level="INFO">Opening browser 'Chrome' to base url 'https://www.saucedemo.com/'.</msg>
<status status="PASS" starttime="20250514 22:12:49.083" endtime="20250514 22:12:51.083"></status>
</kw>
<kw name="Set Browser Implicit Wait" library="SeleniumLibrary">
<doc>Sets the implicit wait value used by Selenium.</doc>
<arguments>
<arg>2</arg>
</arguments>
<status status="PASS" starttime="20250514 22:12:51.083" endtime="20250514 22:12:51.086"></status>
</kw>
<kw name="Input Text" library="SeleniumLibrary">
<doc>Types the given ``text`` into the text field identified by ``locator``.</doc>
<arguments>
<arg>//*[@id="user-name"]</arg>
<arg>locked_out_user</arg>
</arguments>
<msg timestamp="20250514 22:12:51.087" level="INFO">Typing text 'locked_out_user' into text field '//*[@id="user-name"]'.</msg>
<status status="PASS" starttime="20250514 22:12:51.086" endtime="20250514 22:12:51.270"></status>
</kw>
<kw name="Input Password" library="SeleniumLibrary">
<doc>Types the given password into the text field identified by ``locator``.</doc>
<arguments>
<arg>//*[@id="password"]</arg>
<arg>secret_sauce</arg>
</arguments>
<msg timestamp="20250514 22:12:51.270" level="INFO">Typing password into text field '//*[@id="password"]'.</msg>
<msg timestamp="20250514 22:12:51.304" level="INFO">Temporally setting log level to: NONE</msg>
<msg timestamp="20250514 22:12:51.405" level="INFO">Log level changed from NONE to INFO.</msg>
<status status="PASS" starttime="20250514 22:12:51.270" endtime="20250514 22:12:51.405"></status>
</kw>
<kw name="Sleep" library="BuiltIn">
<doc>Pauses the test executed for the given time.</doc>
<arguments>
<arg>2</arg>
</arguments>
<msg timestamp="20250514 22:12:53.406" level="INFO">Slept 2 seconds</msg>
<status status="PASS" starttime="20250514 22:12:51.406" endtime="20250514 22:12:53.406"></status>
</kw>
<kw name="Click Button" library="SeleniumLibrary">
<doc>Clicks the button identified by ``locator``.</doc>
<arguments>
<arg>//*[@id="login-button"]</arg>
</arguments>
<msg timestamp="20250514 22:12:53.408" level="INFO">Clicking button '//*[@id="login-button"]'.</msg>
<status status="PASS" starttime="20250514 22:12:53.407" endtime="20250514 22:12:53.556"></status>
</kw>
<kw name="Sleep" library="BuiltIn">
<doc>Pauses the test executed for the given time.</doc>
<arguments>
<arg>2</arg>
</arguments>
<msg timestamp="20250514 22:12:55.557" level="INFO">Slept 2 seconds</msg>
<status status="PASS" starttime="20250514 22:12:53.557" endtime="20250514 22:12:55.558"></status>
</kw>
<kw name="Close Browser" library="SeleniumLibrary">
<doc>Closes the current browser.</doc>
<status status="PASS" starttime="20250514 22:12:55.559" endtime="20250514 22:12:57.754"></status>
</kw>
<status status="PASS" starttime="20250514 22:12:49.080" endtime="20250514 22:12:57.755" critical="yes"></status>
</test>
<test id="s1-s1-s1-t6" name="Login with correct username 3 and password">
<kw name="Open Browser" library="SeleniumLibrary">
<doc>Opens a new browser instance to the optional ``url``.</doc>
<arguments>
<arg>https://www.saucedemo.com/</arg>
<arg>Chrome</arg>
</arguments>
<msg timestamp="20250514 22:12:57.760" level="INFO">Opening browser 'Chrome' to base url 'https://www.saucedemo.com/'.</msg>
<status status="PASS" starttime="20250514 22:12:57.758" endtime="20250514 22:12:59.980"></status>
</kw>
<kw name="Set Browser Implicit Wait" library="SeleniumLibrary">
<doc>Sets the implicit wait value used by Selenium.</doc>
<arguments>
<arg>2</arg>
</arguments>
<status status="PASS" starttime="20250514 22:12:59.981" endtime="20250514 22:12:59.983"></status>
</kw>
<kw name="Input Text" library="SeleniumLibrary">
<doc>Types the given ``text`` into the text field identified by ``locator``.</doc>
<arguments>
<arg>//*[@id="user-name"]</arg>
<arg>problem_user</arg>
</arguments>
<msg timestamp="20250514 22:12:59.984" level="INFO">Typing text 'problem_user' into text field '//*[@id="user-name"]'.</msg>
<status status="PASS" starttime="20250514 22:12:59.983" endtime="20250514 22:13:00.156"></status>
</kw>
<kw name="Input Password" library="SeleniumLibrary">
<doc>Types the given password into the text field identified by ``locator``.</doc>
<arguments>
<arg>//*[@id="password"]</arg>
<arg>secret_sauce</arg>
</arguments>
<msg timestamp="20250514 22:13:00.157" level="INFO">Typing password into text field '//*[@id="password"]'.</msg>
<msg timestamp="20250514 22:13:00.192" level="INFO">Temporally setting log level to: NONE</msg>
<msg timestamp="20250514 22:13:00.243" level="INFO">Log level changed from NONE to INFO.</msg>
<status status="PASS" starttime="20250514 22:13:00.157" endtime="20250514 22:13:00.243"></status>
</kw>
<kw name="Sleep" library="BuiltIn">
<doc>Pauses the test executed for the given time.</doc>
<arguments>
<arg>2</arg>
</arguments>
<msg timestamp="20250514 22:13:02.245" level="INFO">Slept 2 seconds</msg>
<status status="PASS" starttime="20250514 22:13:00.244" endtime="20250514 22:13:02.245"></status>
</kw>
<kw name="Click Button" library="SeleniumLibrary">
<doc>Clicks the button identified by ``locator``.</doc>
<arguments>
<arg>//*[@id="login-button"]</arg>
</arguments>
<msg timestamp="20250514 22:13:02.248" level="INFO">Clicking button '//*[@id="login-button"]'.</msg>
<status status="PASS" starttime="20250514 22:13:02.246" endtime="20250514 22:13:02.389"></status>
</kw>
<kw name="Sleep" library="BuiltIn">
<doc>Pauses the test executed for the given time.</doc>
<arguments>
<arg>2</arg>
</arguments>
<msg timestamp="20250514 22:13:04.391" level="INFO">Slept 2 seconds</msg>
<status status="PASS" starttime="20250514 22:13:02.389" endtime="20250514 22:13:04.392"></status>
</kw>
<kw name="Close Browser" library="SeleniumLibrary">
<doc>Closes the current browser.</doc>
<status status="PASS" starttime="20250514 22:13:04.392" endtime="20250514 22:13:06.603"></status>
</kw>
<status status="PASS" starttime="20250514 22:12:57.757" endtime="20250514 22:13:06.604" critical="yes"></status>
</test>
<test id="s1-s1-s1-t7" name="Login with correct username 4 and password">
<kw name="Open Browser" library="SeleniumLibrary">
<doc>Opens a new browser instance to the optional ``url``.</doc>
<arguments>
<arg>https://www.saucedemo.com/</arg>
<arg>Chrome</arg>
</arguments>
<msg timestamp="20250514 22:13:06.608" level="INFO">Opening browser 'Chrome' to base url 'https://www.saucedemo.com/'.</msg>
<status status="PASS" starttime="20250514 22:13:06.607" endtime="20250514 22:13:08.478"></status>
</kw>
<kw name="Set Browser Implicit Wait" library="SeleniumLibrary">
<doc>Sets the implicit wait value used by Selenium.</doc>
<arguments>
<arg>2</arg>
</arguments>
<status status="PASS" starttime="20250514 22:13:08.478" endtime="20250514 22:13:08.481"></status>
</kw>
<kw name="Input Text" library="SeleniumLibrary">
<doc>Types the given ``text`` into the text field identified by ``locator``.</doc>
<arguments>
<arg>//*[@id="user-name"]</arg>
<arg>performance_glitch_user</arg>
</arguments>
<msg timestamp="20250514 22:13:08.482" level="INFO">Typing text 'performance_glitch_user' into text field '//*[@id="user-name"]'.</msg>
<status status="PASS" starttime="20250514 22:13:08.481" endtime="20250514 22:13:08.703"></status>
</kw>
<kw name="Input Password" library="SeleniumLibrary">
<doc>Types the given password into the text field identified by ``locator``.</doc>
<arguments>
<arg>//*[@id="password"]</arg>
<arg>secret_sauce</arg>
</arguments>
<msg timestamp="20250514 22:13:08.704" level="INFO">Typing password into text field '//*[@id="password"]'.</msg>
<msg timestamp="20250514 22:13:08.759" level="INFO">Temporally setting log level to: NONE</msg>
<msg timestamp="20250514 22:13:08.814" level="INFO">Log level changed from NONE to INFO.</msg>
<status status="PASS" starttime="20250514 22:13:08.703" endtime="20250514 22:13:08.814"></status>
</kw>
<kw name="Sleep" library="BuiltIn">
<doc>Pauses the test executed for the given time.</doc>
<arguments>
<arg>2</arg>
</arguments>
<msg timestamp="20250514 22:13:10.816" level="INFO">Slept 2 seconds</msg>
<status status="PASS" starttime="20250514 22:13:08.814" endtime="20250514 22:13:10.816"></status>
</kw>
<kw name="Click Button" library="SeleniumLibrary">
<doc>Clicks the button identified by ``locator``.</doc>
<arguments>
<arg>//*[@id="login-button"]</arg>
</arguments>
<msg timestamp="20250514 22:13:10.819" level="INFO">Clicking button '//*[@id="login-button"]'.</msg>
<status status="PASS" starttime="20250514 22:13:10.817" endtime="20250514 22:13:15.987"></status>
</kw>
<kw name="Sleep" library="BuiltIn">
<doc>Pauses the test executed for the given time.</doc>
<arguments>
<arg>2</arg>
</arguments>
<msg timestamp="20250514 22:13:17.990" level="INFO">Slept 2 seconds</msg>
<status status="PASS" starttime="20250514 22:13:15.987" endtime="20250514 22:13:17.990"></status>
</kw>
<kw name="Close Browser" library="SeleniumLibrary">
<doc>Closes the current browser.</doc>
<status status="PASS" starttime="20250514 22:13:17.990" endtime="20250514 22:13:20.181"></status>
</kw>
<status status="PASS" starttime="20250514 22:13:06.606" endtime="20250514 22:13:20.182" critical="yes"></status>
</test>
<test id="s1-s1-s1-t8" name="Login with correct username 5 and password">
<kw name="Open Browser" library="SeleniumLibrary">
<doc>Opens a new browser instance to the optional ``url``.</doc>
<arguments>
<arg>https://www.saucedemo.com/</arg>
<arg>Chrome</arg>
</arguments>
<msg timestamp="20250514 22:13:20.187" level="INFO">Opening browser 'Chrome' to base url 'https://www.saucedemo.com/'.</msg>
<status status="PASS" starttime="20250514 22:13:20.185" endtime="20250514 22:13:22.100"></status>
</kw>
<kw name="Set Browser Implicit Wait" library="SeleniumLibrary">
<doc>Sets the implicit wait value used by Selenium.</doc>
<arguments>
<arg>2</arg>
</arguments>
<status status="PASS" starttime="20250514 22:13:22.101" endtime="20250514 22:13:22.103"></status>
</kw>
<kw name="Input Text" library="SeleniumLibrary">
<doc>Types the given ``text`` into the text field identified by ``locator``.</doc>
<arguments>
<arg>//*[@id="user-name"]</arg>
<arg>error_user</arg>
</arguments>
<msg timestamp="20250514 22:13:22.104" level="INFO">Typing text 'error_user' into text field '//*[@id="user-name"]'.</msg>
<status status="PASS" starttime="20250514 22:13:22.103" endtime="20250514 22:13:22.299"></status>
</kw>
<kw name="Input Password" library="SeleniumLibrary">
<doc>Types the given password into the text field identified by ``locator``.</doc>
<arguments>
<arg>//*[@id="password"]</arg>
<arg>secret_sauce</arg>
</arguments>
<msg timestamp="20250514 22:13:22.301" level="INFO">Typing password into text field '//*[@id="password"]'.</msg>
<msg timestamp="20250514 22:13:22.341" level="INFO">Temporally setting log level to: NONE</msg>
<msg timestamp="20250514 22:13:22.403" level="INFO">Log level changed from NONE to INFO.</msg>
<status status="PASS" starttime="20250514 22:13:22.300" endtime="20250514 22:13:22.403"></status>
</kw>
<kw name="Sleep" library="BuiltIn">
<doc>Pauses the test executed for the given time.</doc>
<arguments>
<arg>2</arg>
</arguments>
<msg timestamp="20250514 22:13:24.403" level="INFO">Slept 2 seconds</msg>
<status status="PASS" starttime="20250514 22:13:22.403" endtime="20250514 22:13:24.403"></status>
</kw>
<kw name="Click Button" library="SeleniumLibrary">
<doc>Clicks the button identified by ``locator``.</doc>
<arguments>
<arg>//*[@id="login-button"]</arg>
</arguments>
<msg timestamp="20250514 22:13:24.405" level="INFO">Clicking button '//*[@id="login-button"]'.</msg>
<status status="PASS" starttime="20250514 22:13:24.404" endtime="20250514 22:13:24.570"></status>
</kw>
<kw name="Sleep" library="BuiltIn">
<doc>Pauses the test executed for the given time.</doc>
<arguments>
<arg>2</arg>
</arguments>
<msg timestamp="20250514 22:13:26.571" level="INFO">Slept 2 seconds</msg>
<status status="PASS" starttime="20250514 22:13:24.570" endtime="20250514 22:13:26.571"></status>
</kw>
<kw name="Close Browser" library="SeleniumLibrary">
<doc>Closes the current browser.</doc>
<status status="PASS" starttime="20250514 22:13:26.572" endtime="20250514 22:13:28.799"></status>
</kw>
<status status="PASS" starttime="20250514 22:13:20.183" endtime="20250514 22:13:28.800" critical="yes"></status>
</test>
<test id="s1-s1-s1-t9" name="Login with correct username 6 and password">
<kw name="Open Browser" library="SeleniumLibrary">
<doc>Opens a new browser instance to the optional ``url``.</doc>
<arguments>
<arg>https://www.saucedemo.com/</arg>
<arg>Chrome</arg>
</arguments>
<msg timestamp="20250514 22:13:28.805" level="INFO">Opening browser 'Chrome' to base url 'https://www.saucedemo.com/'.</msg>
<status status="PASS" starttime="20250514 22:13:28.803" endtime="20250514 22:13:30.738"></status>
</kw>
<kw name="Set Browser Implicit Wait" library="SeleniumLibrary">
<doc>Sets the implicit wait value used by Selenium.</doc>
<arguments>
<arg>2</arg>
</arguments>
<status status="PASS" starttime="20250514 22:13:30.738" endtime="20250514 22:13:30.740"></status>
</kw>
<kw name="Input Text" library="SeleniumLibrary">
<doc>Types the given ``text`` into the text field identified by ``locator``.</doc>
<arguments>
<arg>//*[@id="user-name"]</arg>
<arg>visual_user</arg>
</arguments>
<msg timestamp="20250514 22:13:30.742" level="INFO">Typing text 'visual_user' into text field '//*[@id="user-name"]'.</msg>
<status status="PASS" starttime="20250514 22:13:30.741" endtime="20250514 22:13:30.926"></status>
</kw>
<kw name="Input Password" library="SeleniumLibrary">
<doc>Types the given password into the text field identified by ``locator``.</doc>
<arguments>
<arg>//*[@id="password"]</arg>
<arg>secret_sauce</arg>
</arguments>
<msg timestamp="20250514 22:13:30.927" level="INFO">Typing password into text field '//*[@id="password"]'.</msg>
<msg timestamp="20250514 22:13:30.961" level="INFO">Temporally setting log level to: NONE</msg>
<msg timestamp="20250514 22:13:31.042" level="INFO">Log level changed from NONE to INFO.</msg>
<status status="PASS" starttime="20250514 22:13:30.926" endtime="20250514 22:13:31.042"></status>
</kw>
<kw name="Sleep" library="BuiltIn">
<doc>Pauses the test executed for the given time.</doc>
<arguments>
<arg>2</arg>
</arguments>
<msg timestamp="20250514 22:13:33.045" level="INFO">Slept 2 seconds</msg>
<status status="PASS" starttime="20250514 22:13:31.043" endtime="20250514 22:13:33.045"></status>
</kw>
<kw name="Click Button" library="SeleniumLibrary">
<doc>Clicks the button identified by ``locator``.</doc>
<arguments>
<arg>//*[@id="login-button"]</arg>
</arguments>
<msg timestamp="20250514 22:13:33.047" level="INFO">Clicking button '//*[@id="login-button"]'.</msg>
<status status="PASS" starttime="20250514 22:13:33.046" endtime="20250514 22:13:33.246"></status>
</kw>
<kw name="Sleep" library="BuiltIn">
<doc>Pauses the test executed for the given time.</doc>
<arguments>
<arg>2</arg>
</arguments>
<msg timestamp="20250514 22:13:35.248" level="INFO">Slept 2 seconds</msg>
<status status="PASS" starttime="20250514 22:13:33.246" endtime="20250514 22:13:35.248"></status>
</kw>
<kw name="Close Browser" library="SeleniumLibrary">
<doc>Closes the current browser.</doc>
<status status="PASS" starttime="20250514 22:13:35.249" endtime="20250514 22:13:37.447"></status>
</kw>
<status status="PASS" starttime="20250514 22:13:28.802" endtime="20250514 22:13:37.448" critical="yes"></status>
</test>
<test id="s1-s1-s1-t10" name="Login with correct username but uncorrect password">
<kw name="Open Browser" library="SeleniumLibrary">
<doc>Opens a new browser instance to the optional ``url``.</doc>
<arguments>
<arg>https://www.saucedemo.com/</arg>
<arg>Chrome</arg>
</arguments>
<msg timestamp="20250514 22:13:37.452" level="INFO">Opening browser 'Chrome' to base url 'https://www.saucedemo.com/'.</msg>
<status status="PASS" starttime="20250514 22:13:37.451" endtime="20250514 22:13:39.385"></status>
</kw>
<kw name="Set Browser Implicit Wait" library="SeleniumLibrary">
<doc>Sets the implicit wait value used by Selenium.</doc>
<arguments>
<arg>2</arg>
</arguments>
<status status="PASS" starttime="20250514 22:13:39.386" endtime="20250514 22:13:39.387"></status>
</kw>
<kw name="Input Text" library="SeleniumLibrary">
<doc>Types the given ``text`` into the text field identified by ``locator``.</doc>
<arguments>
<arg>//*[@id="user-name"]</arg>
<arg>visual_user</arg>
</arguments>
<msg timestamp="20250514 22:13:39.388" level="INFO">Typing text 'visual_user' into text field '//*[@id="user-name"]'.</msg>
<status status="PASS" starttime="20250514 22:13:39.388" endtime="20250514 22:13:39.576"></status>
</kw>
<kw name="Input Password" library="SeleniumLibrary">
<doc>Types the given password into the text field identified by ``locator``.</doc>
<arguments>
<arg>//*[@id="password"]</arg>
<arg>secret_sauce123</arg>
</arguments>
<msg timestamp="20250514 22:13:39.577" level="INFO">Typing password into text field '//*[@id="password"]'.</msg>
<msg timestamp="20250514 22:13:39.639" level="INFO">Temporally setting log level to: NONE</msg>
<msg timestamp="20250514 22:13:39.727" level="INFO">Log level changed from NONE to INFO.</msg>
<status status="PASS" starttime="20250514 22:13:39.576" endtime="20250514 22:13:39.727"></status>
</kw>
<kw name="Sleep" library="BuiltIn">
<doc>Pauses the test executed for the given time.</doc>
<arguments>
<arg>2</arg>
</arguments>
<msg timestamp="20250514 22:13:41.729" level="INFO">Slept 2 seconds</msg>
<status status="PASS" starttime="20250514 22:13:39.727" endtime="20250514 22:13:41.729"></status>
</kw>
<kw name="Click Button" library="SeleniumLibrary">
<doc>Clicks the button identified by ``locator``.</doc>
<arguments>
<arg>//*[@id="login-button"]</arg>
</arguments>
<msg timestamp="20250514 22:13:41.731" level="INFO">Clicking button '//*[@id="login-button"]'.</msg>
<status status="PASS" starttime="20250514 22:13:41.729" endtime="20250514 22:13:41.876"></status>
</kw>
<kw name="Sleep" library="BuiltIn">
<doc>Pauses the test executed for the given time.</doc>
<arguments>
<arg>2</arg>
</arguments>
<msg timestamp="20250514 22:13:43.877" level="INFO">Slept 2 seconds</msg>
<status status="PASS" starttime="20250514 22:13:41.876" endtime="20250514 22:13:43.877"></status>
</kw>
<kw name="Close Browser" library="SeleniumLibrary">
<doc>Closes the current browser.</doc>
<status status="PASS" starttime="20250514 22:13:43.877" endtime="20250514 22:13:46.068"></status>
</kw>
<status status="PASS" starttime="20250514 22:13:37.449" endtime="20250514 22:13:46.069" critical="yes"></status>
</test>
<status status="PASS" starttime="20250514 22:12:14.192" endtime="20250514 22:13:46.071"></status>
</suite>
<status status="PASS" starttime="20250514 22:12:14.186" endtime="20250514 22:13:46.078"></status>
</suite>
<status status="PASS" starttime="20250514 22:12:14.166" endtime="20250514 22:13:46.082"></status>
</suite>
<statistics>
<total>
<stat pass="10" fail="0">Critical Tests</stat>
<stat pass="10" fail="0">All Tests</stat>
</total>
<tag>
</tag>
<suite>
<stat pass="10" fail="0" id="s1" name="robotFramework testing">robotFramework testing</stat>
<stat pass="10" fail="0" id="s1-s1" name="testSuite">robotFramework testing.testSuite</stat>
<stat pass="10" fail="0" id="s1-s1-s1" name="loginTesting">robotFramework testing.testSuite.loginTesting</stat>
</suite>
</statistics>
<errors>
</errors>
</robot>
